<?xml version="1.0" encoding="UTF-8"?>
<testng-results ignored="0" total="10" passed="10" failed="0" skipped="0">
  <reporter-output>
  </reporter-output>
  <suite started-at="2025-03-19T08:45:08 IST" name="Default suite" finished-at="2025-03-19T08:47:26 IST" duration-ms="138274">
    <groups>
      <group name="cucumber">
        <method signature="AbstractTestNGCucumberTests.runScenario(io.cucumber.testng.PickleWrapper,io.cucumber.testng.FeatureWrapper)[pri:0, instance:TestRunner.TestRunner@1fb700ee]" name="runScenario" class="io.cucumber.testng.AbstractTestNGCucumberTests"/>
      </group> <!-- cucumber -->
    </groups>
    <test started-at="2025-03-19T08:45:08 IST" name="Default test" finished-at="2025-03-19T08:47:26 IST" duration-ms="138274">
      <class name="TestRunner.TestRunner">
        <test-method is-config="true" signature="setUpClass(org.testng.ITestContext)[pri:0, instance:TestRunner.TestRunner@1fb700ee]" started-at="2025-03-19T08:45:08 IST" name="setUpClass" finished-at="2025-03-19T08:45:08 IST" duration-ms="419" status="PASS">
          <params>
            <param index="0">
              <value>
                <![CDATA[org.testng.TestRunner@28babeca]]>
              </value>
            </param>
          </params>
          <reporter-output>
          </reporter-output>
        </test-method> <!-- setUpClass -->
        <test-method signature="runScenario(io.cucumber.testng.PickleWrapper,io.cucumber.testng.FeatureWrapper)[pri:0, instance:TestRunner.TestRunner@1fb700ee]" started-at="2025-03-19T08:45:08 IST" name="runScenario" description="Runs Cucumber Scenarios" data-provider="scenarios" finished-at="2025-03-19T08:45:30 IST" duration-ms="21251" status="PASS">
          <params>
            <param index="0">
              <value>
                <![CDATA["Register"]]>
              </value>
            </param>
            <param index="1">
              <value>
                <![CDATA["Automation Register"]]>
              </value>
            </param>
          </params>
          <reporter-output>
          </reporter-output>
        </test-method> <!-- runScenario -->
        <test-method signature="runScenario(io.cucumber.testng.PickleWrapper,io.cucumber.testng.FeatureWrapper)[pri:0, instance:TestRunner.TestRunner@1fb700ee]" started-at="2025-03-19T08:45:30 IST" name="runScenario" description="Runs Cucumber Scenarios" data-provider="scenarios" finished-at="2025-03-19T08:45:50 IST" duration-ms="20207" status="PASS">
          <params>
            <param index="0">
              <value>
                <![CDATA["Add to Cart"]]>
              </value>
            </param>
            <param index="1">
              <value>
                <![CDATA["Automation Cart Add"]]>
              </value>
            </param>
          </params>
          <reporter-output>
          </reporter-output>
        </test-method> <!-- runScenario -->
        <test-method signature="runScenario(io.cucumber.testng.PickleWrapper,io.cucumber.testng.FeatureWrapper)[pri:0, instance:TestRunner.TestRunner@1fb700ee]" started-at="2025-03-19T08:45:50 IST" name="runScenario" description="Runs Cucumber Scenarios" data-provider="scenarios" finished-at="2025-03-19T08:46:19 IST" duration-ms="28783" status="PASS">
          <params>
            <param index="0">
              <value>
                <![CDATA["Contactus"]]>
              </value>
            </param>
            <param index="1">
              <value>
                <![CDATA["Automation ContactUs"]]>
              </value>
            </param>
          </params>
          <reporter-output>
          </reporter-output>
        </test-method> <!-- runScenario -->
        <test-method signature="runScenario(io.cucumber.testng.PickleWrapper,io.cucumber.testng.FeatureWrapper)[pri:0, instance:TestRunner.TestRunner@1fb700ee]" started-at="2025-03-19T08:46:19 IST" name="runScenario" description="Runs Cucumber Scenarios" data-provider="scenarios" finished-at="2025-03-19T08:46:27 IST" duration-ms="8526" status="PASS">
          <params>
            <param index="0">
              <value>
                <![CDATA["Invalid Contactus"]]>
              </value>
            </param>
            <param index="1">
              <value>
                <![CDATA["Automation Invalid ContactUs"]]>
              </value>
            </param>
          </params>
          <reporter-output>
          </reporter-output>
        </test-method> <!-- runScenario -->
        <test-method signature="runScenario(io.cucumber.testng.PickleWrapper,io.cucumber.testng.FeatureWrapper)[pri:0, instance:TestRunner.TestRunner@1fb700ee]" started-at="2025-03-19T08:46:27 IST" name="runScenario" description="Runs Cucumber Scenarios" data-provider="scenarios" finished-at="2025-03-19T08:46:33 IST" duration-ms="6184" status="PASS">
          <params>
            <param index="0">
              <value>
                <![CDATA["Invalid Login"]]>
              </value>
            </param>
            <param index="1">
              <value>
                <![CDATA["Automation Invalid Login"]]>
              </value>
            </param>
          </params>
          <reporter-output>
          </reporter-output>
        </test-method> <!-- runScenario -->
        <test-method signature="runScenario(io.cucumber.testng.PickleWrapper,io.cucumber.testng.FeatureWrapper)[pri:0, instance:TestRunner.TestRunner@1fb700ee]" started-at="2025-03-19T08:46:33 IST" name="runScenario" description="Runs Cucumber Scenarios" data-provider="scenarios" finished-at="2025-03-19T08:46:40 IST" duration-ms="6655" status="PASS">
          <params>
            <param index="0">
              <value>
                <![CDATA["Invalid Subscribe"]]>
              </value>
            </param>
            <param index="1">
              <value>
                <![CDATA["Automation Invalid Subscription"]]>
              </value>
            </param>
          </params>
          <reporter-output>
          </reporter-output>
        </test-method> <!-- runScenario -->
        <test-method signature="runScenario(io.cucumber.testng.PickleWrapper,io.cucumber.testng.FeatureWrapper)[pri:0, instance:TestRunner.TestRunner@1fb700ee]" started-at="2025-03-19T08:46:40 IST" name="runScenario" description="Runs Cucumber Scenarios" data-provider="scenarios" finished-at="2025-03-19T08:46:50 IST" duration-ms="10453" status="PASS">
          <params>
            <param index="0">
              <value>
                <![CDATA["Login"]]>
              </value>
            </param>
            <param index="1">
              <value>
                <![CDATA["Automation Login"]]>
              </value>
            </param>
          </params>
          <reporter-output>
          </reporter-output>
        </test-method> <!-- runScenario -->
        <test-method signature="runScenario(io.cucumber.testng.PickleWrapper,io.cucumber.testng.FeatureWrapper)[pri:0, instance:TestRunner.TestRunner@1fb700ee]" started-at="2025-03-19T08:46:50 IST" name="runScenario" description="Runs Cucumber Scenarios" data-provider="scenarios" finished-at="2025-03-19T08:47:01 IST" duration-ms="10421" status="PASS">
          <params>
            <param index="0">
              <value>
                <![CDATA["Product Search"]]>
              </value>
            </param>
            <param index="1">
              <value>
                <![CDATA["Automation Product Search"]]>
              </value>
            </param>
          </params>
          <reporter-output>
          </reporter-output>
        </test-method> <!-- runScenario -->
        <test-method signature="runScenario(io.cucumber.testng.PickleWrapper,io.cucumber.testng.FeatureWrapper)[pri:0, instance:TestRunner.TestRunner@1fb700ee]" started-at="2025-03-19T08:47:01 IST" name="runScenario" description="Runs Cucumber Scenarios" data-provider="scenarios" finished-at="2025-03-19T08:47:18 IST" duration-ms="17408" status="PASS">
          <params>
            <param index="0">
              <value>
                <![CDATA["RemoveCart"]]>
              </value>
            </param>
            <param index="1">
              <value>
                <![CDATA["Automation RemoveCart"]]>
              </value>
            </param>
          </params>
          <reporter-output>
          </reporter-output>
        </test-method> <!-- runScenario -->
        <test-method signature="runScenario(io.cucumber.testng.PickleWrapper,io.cucumber.testng.FeatureWrapper)[pri:0, instance:TestRunner.TestRunner@1fb700ee]" started-at="2025-03-19T08:47:18 IST" name="runScenario" description="Runs Cucumber Scenarios" data-provider="scenarios" finished-at="2025-03-19T08:47:26 IST" duration-ms="7534" status="PASS">
          <params>
            <param index="0">
              <value>
                <![CDATA["Subscription"]]>
              </value>
            </param>
            <param index="1">
              <value>
                <![CDATA["Automation Subscription"]]>
              </value>
            </param>
          </params>
          <reporter-output>
          </reporter-output>
        </test-method> <!-- runScenario -->
        <test-method is-config="true" signature="tearDownClass()[pri:0, instance:TestRunner.TestRunner@1fb700ee]" started-at="2025-03-19T08:47:26 IST" name="tearDownClass" finished-at="2025-03-19T08:47:26 IST" duration-ms="133" status="PASS">
          <reporter-output>
          </reporter-output>
        </test-method> <!-- tearDownClass -->
      </class> <!-- TestRunner.TestRunner -->
    </test> <!-- Default test -->
  </suite> <!-- Default suite -->
</testng-results>
